C:\Program Files\Microsoft Visual Studio\2022\Community\MSBuild\Microsoft\VC\v170\Microsoft.CppBuild.targets(531,5): warning MSB8028: 중간 디렉터리(Debug\)에 다른 프로젝트(EmptyViewer.vcxproj)에서 공유하는 파일이 포함되어 있습니다.  이로 인해 잘못된 정리 및 다시 빌드 동작이 수행될 수 있습니다.
  sphere_scene.cpp
C:\Users\TAKA\Desktop\Work\Konkuk\4-1CG\CGAssignment5\Assignment5\sphere_scene.cpp(102,65): warning C4305: '인수': 'double'에서 'float'(으)로 잘립니다.
C:\Users\TAKA\Desktop\Work\Konkuk\4-1CG\CGAssignment5\Assignment5\sphere_scene.cpp(102,59): warning C4305: '인수': 'double'에서 'float'(으)로 잘립니다.
C:\Users\TAKA\Desktop\Work\Konkuk\4-1CG\CGAssignment5\Assignment5\sphere_scene.cpp(102,54): warning C4305: '인수': 'double'에서 'float'(으)로 잘립니다.
C:\Users\TAKA\Desktop\Work\Konkuk\4-1CG\CGAssignment5\Assignment5\sphere_scene.cpp(102,49): warning C4305: '인수': 'double'에서 'float'(으)로 잘립니다.
C:\Users\TAKA\Desktop\Work\Konkuk\4-1CG\CGAssignment5\Assignment5\sphere_scene.cpp(102,43): warning C4305: '인수': 'double'에서 'float'(으)로 잘립니다.
C:\Users\TAKA\Desktop\Work\Konkuk\4-1CG\CGAssignment5\Assignment5\sphere_scene.cpp(122,36): warning C4244: '인수': 'double'에서 'float'(으)로 변환하면서 데이터가 손실될 수 있습니다.
C:\Users\TAKA\Desktop\Work\Konkuk\4-1CG\CGAssignment5\Assignment5\sphere_scene.cpp(123,35): warning C4244: '인수': 'double'에서 'float'(으)로 변환하면서 데이터가 손실될 수 있습니다.
C:\Users\TAKA\Desktop\Work\Konkuk\4-1CG\CGAssignment5\Assignment5\sphere_scene.cpp(124,36): warning C4244: '인수': 'double'에서 'float'(으)로 변환하면서 데이터가 손실될 수 있습니다.
C:\Users\TAKA\Desktop\Work\Konkuk\4-1CG\CGAssignment5\Assignment5\sphere_scene.cpp(125,35): warning C4244: '인수': 'double'에서 'float'(으)로 변환하면서 데이터가 손실될 수 있습니다.
C:\Users\TAKA\Desktop\Work\Konkuk\4-1CG\CGAssignment5\Assignment5\sphere_scene.cpp(182,44): warning C4244: '=': 'double'에서 'float'(으)로 변환하면서 데이터가 손실될 수 있습니다.
C:\Users\TAKA\Desktop\Work\Konkuk\4-1CG\CGAssignment5\Assignment5\sphere_scene.cpp(183,51): warning C4244: '=': 'double'에서 'float'(으)로 변환하면서 데이터가 손실될 수 있습니다.
  GLM: rotate function taking degrees as a parameter is deprecated. #define GLM_FORCE_RADIANS before including GLM headers to remove this message.
  GLM: rotate_slow function taking degrees as a parameter is deprecated. #define GLM_FORCE_RADIANS before including GLM headers to remove this message.
  GLM: perspective function taking degrees as a parameter is deprecated. #define GLM_FORCE_RADIANS before including GLM headers to remove this message.
  GLM: perspectiveFov function taking degrees as a parameter is deprecated. #define GLM_FORCE_RADIANS before including GLM headers to remove this message.
  GLM: infinitePerspective function taking degrees as a parameter is deprecated. #define GLM_FORCE_RADIANS before including GLM headers to remove this message.
  GLM: tweakedInfinitePerspective function taking degrees as a parameter is deprecated. #define GLM_FORCE_RADIANS before including GLM headers to remove this message.
  GLM: rotate function taking degrees as a parameter is deprecated. #define GLM_FORCE_RADIANS before including GLM headers to remove this message.
  GLM: roll function returning degrees is deprecated. #define GLM_FORCE_RADIANS before including GLM headers to remove this message.
  GLM: pitch function returning degrees is deprecated. #define GLM_FORCE_RADIANS before including GLM headers to remove this message.
  GLM: yaw function returning degrees is deprecated. #define GLM_FORCE_RADIANS before including GLM headers to remove this message.
  GLM: angle function returning degrees is deprecated. #define GLM_FORCE_RADIANS before including GLM headers to remove this message.
  GLM: angleAxis function taking degrees as a parameter is deprecated. #define GLM_FORCE_RADIANS before including GLM headers to remove this message.
  Assignment5.vcxproj -> C:\Users\TAKA\Desktop\Work\Konkuk\4-1CG\CGAssignment5\bin\Assignment5.exe
