  sphere_scene.cpp
C:\Users\TAKA\Desktop\Work\Konkuk\4-1CG\CGAssignment5\EmptyViewer\sphere_scene.cpp(114,60): warning C4305: '인수': 'double'에서 'float'(으)로 잘립니다.
C:\Users\TAKA\Desktop\Work\Konkuk\4-1CG\CGAssignment5\EmptyViewer\sphere_scene.cpp(114,54): warning C4305: '인수': 'double'에서 'float'(으)로 잘립니다.
C:\Users\TAKA\Desktop\Work\Konkuk\4-1CG\CGAssignment5\EmptyViewer\sphere_scene.cpp(114,49): warning C4305: '인수': 'double'에서 'float'(으)로 잘립니다.
C:\Users\TAKA\Desktop\Work\Konkuk\4-1CG\CGAssignment5\EmptyViewer\sphere_scene.cpp(114,44): warning C4305: '인수': 'double'에서 'float'(으)로 잘립니다.
C:\Users\TAKA\Desktop\Work\Konkuk\4-1CG\CGAssignment5\EmptyViewer\sphere_scene.cpp(114,38): warning C4305: '인수': 'double'에서 'float'(으)로 잘립니다.
C:\Users\TAKA\Desktop\Work\Konkuk\4-1CG\CGAssignment5\EmptyViewer\sphere_scene.cpp(115,60): warning C4305: '인수': 'double'에서 'float'(으)로 잘립니다.
C:\Users\TAKA\Desktop\Work\Konkuk\4-1CG\CGAssignment5\EmptyViewer\sphere_scene.cpp(115,54): warning C4305: '인수': 'double'에서 'float'(으)로 잘립니다.
C:\Users\TAKA\Desktop\Work\Konkuk\4-1CG\CGAssignment5\EmptyViewer\sphere_scene.cpp(115,49): warning C4305: '인수': 'double'에서 'float'(으)로 잘립니다.
C:\Users\TAKA\Desktop\Work\Konkuk\4-1CG\CGAssignment5\EmptyViewer\sphere_scene.cpp(115,44): warning C4305: '인수': 'double'에서 'float'(으)로 잘립니다.
C:\Users\TAKA\Desktop\Work\Konkuk\4-1CG\CGAssignment5\EmptyViewer\sphere_scene.cpp(115,38): warning C4305: '인수': 'double'에서 'float'(으)로 잘립니다.
C:\Users\TAKA\Desktop\Work\Konkuk\4-1CG\CGAssignment5\EmptyViewer\sphere_scene.cpp(116,60): warning C4305: '인수': 'double'에서 'float'(으)로 잘립니다.
C:\Users\TAKA\Desktop\Work\Konkuk\4-1CG\CGAssignment5\EmptyViewer\sphere_scene.cpp(116,54): warning C4305: '인수': 'double'에서 'float'(으)로 잘립니다.
C:\Users\TAKA\Desktop\Work\Konkuk\4-1CG\CGAssignment5\EmptyViewer\sphere_scene.cpp(116,49): warning C4305: '인수': 'double'에서 'float'(으)로 잘립니다.
C:\Users\TAKA\Desktop\Work\Konkuk\4-1CG\CGAssignment5\EmptyViewer\sphere_scene.cpp(116,44): warning C4305: '인수': 'double'에서 'float'(으)로 잘립니다.
C:\Users\TAKA\Desktop\Work\Konkuk\4-1CG\CGAssignment5\EmptyViewer\sphere_scene.cpp(116,38): warning C4305: '인수': 'double'에서 'float'(으)로 잘립니다.
C:\Users\TAKA\Desktop\Work\Konkuk\4-1CG\CGAssignment5\EmptyViewer\sphere_scene.cpp(123,36): warning C4244: '인수': 'double'에서 'float'(으)로 변환하면서 데이터가 손실될 수 있습니다.
C:\Users\TAKA\Desktop\Work\Konkuk\4-1CG\CGAssignment5\EmptyViewer\sphere_scene.cpp(124,35): warning C4244: '인수': 'double'에서 'float'(으)로 변환하면서 데이터가 손실될 수 있습니다.
C:\Users\TAKA\Desktop\Work\Konkuk\4-1CG\CGAssignment5\EmptyViewer\sphere_scene.cpp(125,36): warning C4244: '인수': 'double'에서 'float'(으)로 변환하면서 데이터가 손실될 수 있습니다.
C:\Users\TAKA\Desktop\Work\Konkuk\4-1CG\CGAssignment5\EmptyViewer\sphere_scene.cpp(126,35): warning C4244: '인수': 'double'에서 'float'(으)로 변환하면서 데이터가 손실될 수 있습니다.
C:\Users\TAKA\Desktop\Work\Konkuk\4-1CG\CGAssignment5\EmptyViewer\sphere_scene.cpp(183,44): warning C4244: '=': 'double'에서 'float'(으)로 변환하면서 데이터가 손실될 수 있습니다.
C:\Users\TAKA\Desktop\Work\Konkuk\4-1CG\CGAssignment5\EmptyViewer\sphere_scene.cpp(184,51): warning C4244: '=': 'double'에서 'float'(으)로 변환하면서 데이터가 손실될 수 있습니다.
  GLM: rotate function taking degrees as a parameter is deprecated. #define GLM_FORCE_RADIANS before including GLM headers to remove this message.
  GLM: rotate_slow function taking degrees as a parameter is deprecated. #define GLM_FORCE_RADIANS before including GLM headers to remove this message.
  GLM: perspective function taking degrees as a parameter is deprecated. #define GLM_FORCE_RADIANS before including GLM headers to remove this message.
  GLM: perspectiveFov function taking degrees as a parameter is deprecated. #define GLM_FORCE_RADIANS before including GLM headers to remove this message.
  GLM: infinitePerspective function taking degrees as a parameter is deprecated. #define GLM_FORCE_RADIANS before including GLM headers to remove this message.
  GLM: tweakedInfinitePerspective function taking degrees as a parameter is deprecated. #define GLM_FORCE_RADIANS before including GLM headers to remove this message.
  GLM: rotate function taking degrees as a parameter is deprecated. #define GLM_FORCE_RADIANS before including GLM headers to remove this message.
  GLM: roll function returning degrees is deprecated. #define GLM_FORCE_RADIANS before including GLM headers to remove this message.
  GLM: pitch function returning degrees is deprecated. #define GLM_FORCE_RADIANS before including GLM headers to remove this message.
  GLM: yaw function returning degrees is deprecated. #define GLM_FORCE_RADIANS before including GLM headers to remove this message.
  GLM: angle function returning degrees is deprecated. #define GLM_FORCE_RADIANS before including GLM headers to remove this message.
  GLM: angleAxis function taking degrees as a parameter is deprecated. #define GLM_FORCE_RADIANS before including GLM headers to remove this message.
  EmptyViewer.vcxproj -> C:\Users\TAKA\Desktop\Work\Konkuk\4-1CG\CGAssignment5\bin\EmptyViewer.exe
